<?xml version="1.0" encoding="UTF-8"?>
<!-- Generated by org.testng.reporters.JUnitXMLReporter -->
<testsuite ignored="9" hostname="DESKTOP-S1KEI3U" failures="0" tests="1" name="Test" time="11.068" errors="0" timestamp="2025-08-29T15:46:27 IST">
  <testcase classname="com.orangehrm.tests.LoginOrangeHRM" name="Que9_screenshot" time="4.768"/>
  <testcase classname="com.orangehrm.tests.LoginOrangeHRM" name="Que7_printnamefromtable" time="0.0">
    <ignored/>
  </testcase> <!-- Que7_printnamefromtable -->
  <testcase classname="com.orangehrm.tests.LoginOrangeHRM" name="Que4_dropdown" time="0.0">
    <ignored/>
  </testcase> <!-- Que4_dropdown -->
  <testcase classname="com.orangehrm.tests.LoginOrangeHRM" name="verifylogin" time="0.0">
    <ignored/>
  </testcase> <!-- verifylogin -->
  <testcase classname="com.orangehrm.tests.LoginOrangeHRM" name="Que3_printlaptop" time="0.0">
    <ignored/>
  </testcase> <!-- Que3_printlaptop -->
  <testcase classname="com.orangehrm.tests.LoginOrangeHRM" name="Qu1_openGoogleAndPrintTitle" time="0.0">
    <ignored/>
  </testcase> <!-- Qu1_openGoogleAndPrintTitle -->
  <testcase classname="com.orangehrm.tests.LoginOrangeHRM" name="Que2_verifysuccessfulLogin" time="0.0">
    <ignored/>
  </testcase> <!-- Que2_verifysuccessfulLogin -->
  <testcase classname="com.orangehrm.tests.LoginOrangeHRM" name="Que6_checkbox" time="0.0">
    <ignored/>
  </testcase> <!-- Que6_checkbox -->
  <testcase classname="com.orangehrm.tests.LoginOrangeHRM" name="Que8_switchwindow" time="0.0">
    <ignored/>
  </testcase> <!-- Que8_switchwindow -->
  <testcase classname="com.orangehrm.tests.LoginOrangeHRM" name="Que5_alert" time="0.0">
    <ignored/>
  </testcase> <!-- Que5_alert -->
</testsuite> <!-- Test -->
