<?xml version="1.0" encoding="UTF-8"?>
<testng-results ignored="9" total="10" passed="1" failed="0" skipped="0">
  <reporter-output>
  </reporter-output>
  <suite started-at="2025-08-29T15:46:16 IST" name="Suite" finished-at="2025-08-29T15:46:27 IST" duration-ms="11068">
    <groups>
    </groups>
    <test started-at="2025-08-29T15:46:16 IST" name="Test" finished-at="2025-08-29T15:46:27 IST" duration-ms="11068">
      <class name="com.orangehrm.tests.LoginOrangeHRM">
        <test-method is-config="true" signature="setupreport()[pri:0, instance:com.orangehrm.tests.LoginOrangeHRM@515c6049]" started-at="2025-08-29T15:46:16 IST" name="setupreport" finished-at="2025-08-29T15:46:16 IST" duration-ms="302" status="PASS">
          <reporter-output>
          </reporter-output>
        </test-method> <!-- setupreport -->
        <test-method is-config="true" signature="setup()[pri:0, instance:com.orangehrm.tests.LoginOrangeHRM@515c6049]" started-at="2025-08-29T15:46:16 IST" name="setup" finished-at="2025-08-29T15:46:22 IST" duration-ms="5859" status="PASS">
          <reporter-output>
          </reporter-output>
        </test-method> <!-- setup -->
        <test-method signature="Que9_screenshot()[pri:0, instance:com.orangehrm.tests.LoginOrangeHRM@515c6049]" started-at="2025-08-29T15:46:22 IST" name="Que9_screenshot" finished-at="2025-08-29T15:46:26 IST" duration-ms="4768" status="PASS">
          <reporter-output>
          </reporter-output>
        </test-method> <!-- Que9_screenshot -->
        <test-method is-config="true" signature="teardown()[pri:0, instance:com.orangehrm.tests.LoginOrangeHRM@515c6049]" started-at="2025-08-29T15:46:27 IST" name="teardown" finished-at="2025-08-29T15:46:27 IST" duration-ms="385" status="PASS">
          <reporter-output>
          </reporter-output>
        </test-method> <!-- teardown -->
        <test-method is-config="true" signature="flushreport()[pri:0, instance:com.orangehrm.tests.LoginOrangeHRM@515c6049]" started-at="2025-08-29T15:46:27 IST" name="flushreport" finished-at="2025-08-29T15:46:27 IST" duration-ms="100" status="PASS">
          <reporter-output>
          </reporter-output>
        </test-method> <!-- flushreport -->
      </class> <!-- com.orangehrm.tests.LoginOrangeHRM -->
    </test> <!-- Test -->
  </suite> <!-- Suite -->
</testng-results>
