<?xml version="1.0" encoding="UTF-8"?>
<testng-results ignored="0" total="1" passed="1" failed="0" skipped="0">
  <reporter-output>
  </reporter-output>
  <suite started-at="2025-08-28T11:55:27 IST" name="Default suite" finished-at="2025-08-28T11:55:34 IST" duration-ms="6792">
    <groups>
    </groups>
    <test started-at="2025-08-28T11:55:27 IST" name="Default test" finished-at="2025-08-28T11:55:34 IST" duration-ms="6792">
      <class name="Selenium_Practice.Que7">
        <test-method signature="f()[pri:0, instance:Selenium_Practice.Que7@3eb738bb]" started-at="2025-08-28T11:55:27 IST" name="f" finished-at="2025-08-28T11:55:34 IST" duration-ms="6738" status="PASS">
          <reporter-output>
          </reporter-output>
        </test-method> <!-- f -->
      </class> <!-- Selenium_Practice.Que7 -->
    </test> <!-- Default test -->
  </suite> <!-- Default suite -->
</testng-results>
