<?xml version="1.0" encoding="UTF-8"?>
<testng-results ignored="0" total="3" passed="3" failed="0" skipped="0">
  <reporter-output>
  </reporter-output>
  <suite started-at="2025-08-21T12:06:45 IST" name="Default suite" finished-at="2025-08-21T12:07:38 IST" duration-ms="52403">
    <groups>
    </groups>
    <test started-at="2025-08-21T12:06:45 IST" name="Default test" finished-at="2025-08-21T12:07:38 IST" duration-ms="52403">
      <class name="Selenium.Lab14">
        <test-method is-config="true" signature="beforeSuite()[pri:0, instance:Selenium.Lab14@20d525]" started-at="2025-08-21T12:06:45 IST" name="beforeSuite" finished-at="2025-08-21T12:06:45 IST" duration-ms="11" status="PASS">
          <reporter-output>
          </reporter-output>
        </test-method> <!-- beforeSuite -->
        <test-method is-config="true" signature="beforeTest()[pri:0, instance:Selenium.Lab14@20d525]" started-at="2025-08-21T12:06:45 IST" name="beforeTest" finished-at="2025-08-21T12:06:45 IST" duration-ms="1" status="PASS">
          <reporter-output>
          </reporter-output>
        </test-method> <!-- beforeTest -->
        <test-method is-config="true" signature="beforeClass()[pri:0, instance:Selenium.Lab14@20d525]" started-at="2025-08-21T12:06:45 IST" name="beforeClass" finished-at="2025-08-21T12:06:45 IST" duration-ms="0" status="PASS">
          <reporter-output>
          </reporter-output>
        </test-method> <!-- beforeClass -->
        <test-method is-config="true" signature="beforeMethod()[pri:0, instance:Selenium.Lab14@20d525]" started-at="2025-08-21T12:06:46 IST" name="beforeMethod" finished-at="2025-08-21T12:06:49 IST" duration-ms="3232" status="PASS">
          <reporter-output>
          </reporter-output>
        </test-method> <!-- beforeMethod -->
        <test-method signature="f(java.lang.String,java.lang.String,java.lang.String,java.lang.String,java.lang.String,java.lang.String)[pri:0, instance:Selenium.Lab14@20d525]" started-at="2025-08-21T12:06:49 IST" name="f" data-provider="dp" finished-at="2025-08-21T12:07:05 IST" duration-ms="15086" status="PASS">
          <params>
            <param index="0">
              <value>
                <![CDATA[geeta]]>
              </value>
            </param>
            <param index="1">
              <value>
                <![CDATA[wayal]]>
              </value>
            </param>
            <param index="2">
              <value>
                <![CDATA[geeta@gmail.corpe]]>
              </value>
            </param>
            <param index="3">
              <value>
                <![CDATA[120034500]]>
              </value>
            </param>
            <param index="4">
              <value>
                <![CDATA[Vrusg@123]]>
              </value>
            </param>
            <param index="5">
              <value>
                <![CDATA[Vrusg@123]]>
              </value>
            </param>
          </params>
          <reporter-output>
          </reporter-output>
        </test-method> <!-- f -->
        <test-method is-config="true" signature="afterMethod()[pri:0, instance:Selenium.Lab14@20d525]" started-at="2025-08-21T12:07:05 IST" name="afterMethod" finished-at="2025-08-21T12:07:05 IST" duration-ms="188" status="PASS">
          <reporter-output>
          </reporter-output>
        </test-method> <!-- afterMethod -->
        <test-method is-config="true" signature="beforeMethod()[pri:0, instance:Selenium.Lab14@20d525]" started-at="2025-08-21T12:07:05 IST" name="beforeMethod" finished-at="2025-08-21T12:07:07 IST" duration-ms="2332" status="PASS">
          <reporter-output>
          </reporter-output>
        </test-method> <!-- beforeMethod -->
        <test-method signature="f(java.lang.String,java.lang.String,java.lang.String,java.lang.String,java.lang.String,java.lang.String)[pri:0, instance:Selenium.Lab14@20d525]" started-at="2025-08-21T12:07:07 IST" name="f" data-provider="dp" finished-at="2025-08-21T12:07:21 IST" duration-ms="14037" status="PASS">
          <params>
            <param index="0">
              <value>
                <![CDATA[Dipal]]>
              </value>
            </param>
            <param index="1">
              <value>
                <![CDATA[Jadhavv]]>
              </value>
            </param>
            <param index="2">
              <value>
                <![CDATA[d123@gmail.compqe]]>
              </value>
            </param>
            <param index="3">
              <value>
                <![CDATA[6237674789]]>
              </value>
            </param>
            <param index="4">
              <value>
                <![CDATA[dipa@123]]>
              </value>
            </param>
            <param index="5">
              <value>
                <![CDATA[dipa@123]]>
              </value>
            </param>
          </params>
          <reporter-output>
          </reporter-output>
        </test-method> <!-- f -->
        <test-method is-config="true" signature="afterMethod()[pri:0, instance:Selenium.Lab14@20d525]" started-at="2025-08-21T12:07:21 IST" name="afterMethod" finished-at="2025-08-21T12:07:21 IST" duration-ms="220" status="PASS">
          <reporter-output>
          </reporter-output>
        </test-method> <!-- afterMethod -->
        <test-method is-config="true" signature="beforeMethod()[pri:0, instance:Selenium.Lab14@20d525]" started-at="2025-08-21T12:07:21 IST" name="beforeMethod" finished-at="2025-08-21T12:07:23 IST" duration-ms="2174" status="PASS">
          <reporter-output>
          </reporter-output>
        </test-method> <!-- beforeMethod -->
        <test-method signature="f(java.lang.String,java.lang.String,java.lang.String,java.lang.String,java.lang.String,java.lang.String)[pri:0, instance:Selenium.Lab14@20d525]" started-at="2025-08-21T12:07:23 IST" name="f" data-provider="dp" finished-at="2025-08-21T12:07:38 IST" duration-ms="14057" status="PASS">
          <params>
            <param index="0">
              <value>
                <![CDATA[vru]]>
              </value>
            </param>
            <param index="1">
              <value>
                <![CDATA[way]]>
              </value>
            </param>
            <param index="2">
              <value>
                <![CDATA[vruw@gmail.cp1w]]>
              </value>
            </param>
            <param index="3">
              <value>
                <![CDATA[56464]]>
              </value>
            </param>
            <param index="4">
              <value>
                <![CDATA[vruw@23]]>
              </value>
            </param>
            <param index="5">
              <value>
                <![CDATA[vruw@23]]>
              </value>
            </param>
          </params>
          <reporter-output>
          </reporter-output>
        </test-method> <!-- f -->
        <test-method is-config="true" signature="afterMethod()[pri:0, instance:Selenium.Lab14@20d525]" started-at="2025-08-21T12:07:38 IST" name="afterMethod" finished-at="2025-08-21T12:07:38 IST" duration-ms="218" status="PASS">
          <reporter-output>
          </reporter-output>
        </test-method> <!-- afterMethod -->
        <test-method is-config="true" signature="afterClass()[pri:0, instance:Selenium.Lab14@20d525]" started-at="2025-08-21T12:07:38 IST" name="afterClass" finished-at="2025-08-21T12:07:38 IST" duration-ms="2" status="PASS">
          <reporter-output>
          </reporter-output>
        </test-method> <!-- afterClass -->
        <test-method is-config="true" signature="afterTest()[pri:0, instance:Selenium.Lab14@20d525]" started-at="2025-08-21T12:07:38 IST" name="afterTest" finished-at="2025-08-21T12:07:38 IST" duration-ms="2" status="PASS">
          <reporter-output>
          </reporter-output>
        </test-method> <!-- afterTest -->
        <test-method is-config="true" signature="afterSuite()[pri:0, instance:Selenium.Lab14@20d525]" started-at="2025-08-21T12:07:38 IST" name="afterSuite" finished-at="2025-08-21T12:07:38 IST" duration-ms="0" status="PASS">
          <reporter-output>
          </reporter-output>
        </test-method> <!-- afterSuite -->
      </class> <!-- Selenium.Lab14 -->
    </test> <!-- Default test -->
  </suite> <!-- Default suite -->
</testng-results>
